"../../../Engine/Content/Functions/Engine_MaterialFunctions02/Texturing/WorldPositionWithScale.uasset" 0
"../../../Engine/Content/Functions/Engine_MaterialFunctions02/Texturing/WorldPositionWithScale.uexp" 1
"../../../Engine/Content/Functions/Engine_MaterialFunctions03/Particles/Distance_Blend.uasset" 2
"../../../Engine/Content/Functions/Engine_MaterialFunctions03/Particles/Distance_Blend.uexp" 3
"C:/Users/Omar/OneDrive/Documents/Unreal Projects/BullCowGame-starter-kit 4.27/Content/Environment/Textures/T_Wood_Sheet.uasset" 4
"C:/Users/Omar/OneDrive/Documents/Unreal Projects/BullCowGame-starter-kit 4.27/Content/Environment/Textures/T_Wood_Sheet.uexp" 5
"C:/Users/Omar/OneDrive/Documents/Unreal Projects/BullCowGame-starter-kit 4.27/Content/Environment/Textures/T_Wood_Sheet.ubulk" 6
"C:/Users/Omar/OneDrive/Documents/Unreal Projects/BullCowGame-starter-kit 4.27/Content/Environment/Materials/M_Wood_Sheet_Master.uasset" 7
"C:/Users/Omar/OneDrive/Documents/Unreal Projects/BullCowGame-starter-kit 4.27/Content/Environment/Materials/M_Wood_Sheet_Master.uexp" 8
"C:/Users/Omar/OneDrive/Documents/Unreal Projects/BullCowGame-starter-kit 4.27/Content/Environment/Meshes/SM_Dock_Floor.uasset" 9
"C:/Users/Omar/OneDrive/Documents/Unreal Projects/BullCowGame-starter-kit 4.27/Content/Environment/Meshes/SM_Dock_Floor.uexp" 10
"C:/Users/Omar/OneDrive/Documents/Unreal Projects/BullCowGame-starter-kit 4.27/Content/Environment/Textures/T_Grass_A.uasset" 11
"C:/Users/Omar/OneDrive/Documents/Unreal Projects/BullCowGame-starter-kit 4.27/Content/Environment/Textures/T_Grass_A.uexp" 12
"C:/Users/Omar/OneDrive/Documents/Unreal Projects/BullCowGame-starter-kit 4.27/Content/Environment/Textures/T_Grass_A.ubulk" 13
"C:/Users/Omar/OneDrive/Documents/Unreal Projects/BullCowGame-starter-kit 4.27/Content/Environment/Materials/M_Grass_Masked.uasset" 14
"C:/Users/Omar/OneDrive/Documents/Unreal Projects/BullCowGame-starter-kit 4.27/Content/Environment/Materials/M_Grass_Masked.uexp" 15
"C:/Users/Omar/OneDrive/Documents/Unreal Projects/BullCowGame-starter-kit 4.27/Content/Environment/Materials/M_Grass_Masked_D_Inst.uasset" 16
"C:/Users/Omar/OneDrive/Documents/Unreal Projects/BullCowGame-starter-kit 4.27/Content/Environment/Materials/M_Grass_Masked_D_Inst.uexp" 17
"C:/Users/Omar/OneDrive/Documents/Unreal Projects/BullCowGame-starter-kit 4.27/Content/Environment/Meshes/SM_Grass_02.uasset" 18
"C:/Users/Omar/OneDrive/Documents/Unreal Projects/BullCowGame-starter-kit 4.27/Content/Environment/Meshes/SM_Grass_02.uexp" 19
"C:/Users/Omar/OneDrive/Documents/Unreal Projects/BullCowGame-starter-kit 4.27/Content/Environment/Materials/M_Grass_Masked_B_Inst.uasset" 20
"C:/Users/Omar/OneDrive/Documents/Unreal Projects/BullCowGame-starter-kit 4.27/Content/Environment/Materials/M_Grass_Masked_B_Inst.uexp" 21
"C:/Users/Omar/OneDrive/Documents/Unreal Projects/BullCowGame-starter-kit 4.27/Content/Environment/Meshes/SM_Grass_03.uasset" 22
"C:/Users/Omar/OneDrive/Documents/Unreal Projects/BullCowGame-starter-kit 4.27/Content/Environment/Meshes/SM_Grass_03.uexp" 23
"C:/Users/Omar/OneDrive/Documents/Unreal Projects/BullCowGame-starter-kit 4.27/Content/Environment/Meshes/SM_Grass_03_B.uasset" 24
"C:/Users/Omar/OneDrive/Documents/Unreal Projects/BullCowGame-starter-kit 4.27/Content/Environment/Meshes/SM_Grass_03_B.uexp" 25
"C:/Users/Omar/OneDrive/Documents/Unreal Projects/BullCowGame-starter-kit 4.27/Content/Environment/Materials/M_Grass_Masked_C_Inst.uasset" 26
"C:/Users/Omar/OneDrive/Documents/Unreal Projects/BullCowGame-starter-kit 4.27/Content/Environment/Materials/M_Grass_Masked_C_Inst.uexp" 27
"C:/Users/Omar/OneDrive/Documents/Unreal Projects/BullCowGame-starter-kit 4.27/Content/Environment/Meshes/SM_Grass_04.uasset" 28
"C:/Users/Omar/OneDrive/Documents/Unreal Projects/BullCowGame-starter-kit 4.27/Content/Environment/Meshes/SM_Grass_04.uexp" 29
"../../../Engine/Content/EngineMaterials/T_Default_Material_Grid_N.uasset" 30
"../../../Engine/Content/EngineMaterials/T_Default_Material_Grid_N.uexp" 31
"../../../Engine/Content/EngineMaterials/T_Default_Material_Grid_N.ubulk" 32
"../../../Engine/Content/EngineMaterials/T_Default_Material_Grid_M.uasset" 33
"../../../Engine/Content/EngineMaterials/T_Default_Material_Grid_M.uexp" 34
"../../../Engine/Content/EngineMaterials/T_Default_Material_Grid_M.ubulk" 35
"../../../Engine/Content/Functions/Engine_MaterialFunctions01/Opacity/CameraDepthFade.uasset" 36
"../../../Engine/Content/Functions/Engine_MaterialFunctions01/Opacity/CameraDepthFade.uexp" 37
"../../../Engine/Content/EngineMaterials/WorldGridMaterial.uasset" 38
"../../../Engine/Content/EngineMaterials/WorldGridMaterial.uexp" 39
"../../../Engine/Content/ArtTools/RenderToTexture/Meshes/S_1_Unit_Plane.uasset" 40
"../../../Engine/Content/ArtTools/RenderToTexture/Meshes/S_1_Unit_Plane.uexp" 41
"../../../Engine/Content/EngineMaterials/DefaultMaterial.uasset" 42
"../../../Engine/Content/EngineMaterials/DefaultMaterial.uexp" 43
"../../../Engine/Content/BasicShapes/Cone.uasset" 44
"../../../Engine/Content/BasicShapes/Cone.uexp" 45
"../../../Engine/Content/BasicShapes/Plane.uasset" 46
"../../../Engine/Content/BasicShapes/Plane.uexp" 47
"../../../Engine/Content/BasicShapes/Sphere.uasset" 48
"../../../Engine/Content/BasicShapes/Sphere.uexp" 49
"../../../Engine/Content/EditorLandscapeResources/DataLayer.uasset" 50
"../../../Engine/Content/EditorLandscapeResources/DataLayer.uexp" 51
"../../../Engine/Content/EditorLandscapeResources/DefaultAlphaTexture.uasset" 52
"../../../Engine/Content/EditorLandscapeResources/DefaultAlphaTexture.uexp" 53
"../../../Engine/Content/EditorMaterials/MAT_Groups_Toggle.uasset" 54
"../../../Engine/Content/EditorMaterials/MAT_Groups_Toggle.uexp" 55
"../../../Engine/Content/EditorMaterials/MAT_Groups_Visibility.uasset" 56
"../../../Engine/Content/EditorMaterials/MAT_Groups_Visibility.uexp" 57
"../../../Engine/Content/EditorMaterials/PreviewShadowIndicator.uasset" 58
"../../../Engine/Content/EditorMaterials/PreviewShadowIndicator.uexp" 59
"../../../Engine/Content/EditorMaterials/PreviewShadowIndicator.ubulk" 60
"../../../Engine/Content/EditorMaterials/PreviewShadowIndicatorMaterial.uasset" 61
"../../../Engine/Content/EditorMaterials/PreviewShadowIndicatorMaterial.uexp" 62
"../../../Engine/Content/EditorMaterials/MatineeGroups/MAT_ColorTrack.uasset" 63
"../../../Engine/Content/EditorMaterials/MatineeGroups/MAT_ColorTrack.uexp" 64
"../../../Engine/Content/EditorMaterials/MatineeGroups/MAT_Groups_Anim.uasset" 65
"../../../Engine/Content/EditorMaterials/MatineeGroups/MAT_Groups_Anim.uexp" 66
"../../../Engine/Content/EditorMaterials/MatineeGroups/MAT_Groups_AudioMaster.uasset" 67
"../../../Engine/Content/EditorMaterials/MatineeGroups/MAT_Groups_AudioMaster.uexp" 68
"../../../Engine/Content/EditorMaterials/MatineeGroups/MAT_Groups_Director.uasset" 69
"../../../Engine/Content/EditorMaterials/MatineeGroups/MAT_Groups_Director.uexp" 70
"../../../Engine/Content/EditorMaterials/MatineeGroups/MAT_Groups_Event.uasset" 71
"../../../Engine/Content/EditorMaterials/MatineeGroups/MAT_Groups_Event.uexp" 72
"../../../Engine/Content/EditorMaterials/MatineeGroups/MAT_Groups_Fade.uasset" 73
"../../../Engine/Content/EditorMaterials/MatineeGroups/MAT_Groups_Fade.uexp" 74
"../../../Engine/Content/EditorMaterials/MatineeGroups/MAT_Groups_Float.uasset" 75
"../../../Engine/Content/EditorMaterials/MatineeGroups/MAT_Groups_Float.uexp" 76
"../../../Engine/Content/EditorMaterials/MatineeGroups/MAT_Groups_Move.uasset" 77
"../../../Engine/Content/EditorMaterials/MatineeGroups/MAT_Groups_Move.uexp" 78
"../../../Engine/Content/EditorMaterials/MatineeGroups/MAT_Groups_Slomo.uasset" 79
"../../../Engine/Content/EditorMaterials/MatineeGroups/MAT_Groups_Slomo.uexp" 80
"../../../Engine/Content/EditorMaterials/MatineeGroups/MAT_Groups_Sound.uasset" 81
"../../../Engine/Content/EditorMaterials/MatineeGroups/MAT_Groups_Sound.uexp" 82
"../../../Engine/Content/EditorMaterials/MatineeGroups/MAT_Groups_Vector.uasset" 83
"../../../Engine/Content/EditorMaterials/MatineeGroups/MAT_Groups_Vector.uexp" 84
"../../../Engine/Content/EditorMaterials/ParticleSystems/PSysThumbnail_NoImage.uasset" 85
"../../../Engine/Content/EditorMaterials/ParticleSystems/PSysThumbnail_NoImage.uexp" 86
"../../../Engine/Content/EditorMaterials/ParticleSystems/PSysThumbnail_NoImage.ubulk" 87
"../../../Engine/Content/EditorMaterials/ParticleSystems/PSysThumbnail_OOD.uasset" 88
"../../../Engine/Content/EditorMaterials/ParticleSystems/PSysThumbnail_OOD.uexp" 89
"../../../Engine/Content/EditorMaterials/ParticleSystems/PSysThumbnail_OOD.ubulk" 90
"../../../Engine/Content/EditorMaterials/Camera/CineMat.uasset" 91
"../../../Engine/Content/EditorMaterials/Camera/CineMat.uexp" 92
"../../../Engine/Content/EditorMaterials/Camera/MI_CineMat_Rig.uasset" 93
"../../../Engine/Content/EditorMaterials/Camera/MI_CineMat_Rig.uexp" 94
"../../../Engine/Content/EditorMeshes/Camera/SM_CraneRig_Arm.uasset" 95
"../../../Engine/Content/EditorMeshes/Camera/SM_CraneRig_Arm.uexp" 96
"../../../Engine/Content/EditorMeshes/Camera/SM_CraneRig_Base.uasset" 97
"../../../Engine/Content/EditorMeshes/Camera/SM_CraneRig_Base.uexp" 98
"../../../Engine/Content/EditorMeshes/Camera/SM_CraneRig_Body.uasset" 99
"../../../Engine/Content/EditorMeshes/Camera/SM_CraneRig_Body.uexp" 100
"../../../Engine/Content/EditorMeshes/Camera/SM_CraneRig_Mount.uasset" 101
"../../../Engine/Content/EditorMeshes/Camera/SM_CraneRig_Mount.uexp" 102
"../../../Engine/Content/EditorMeshes/Camera/SM_RailRig_Mount.uasset" 103
"../../../Engine/Content/EditorMeshes/Camera/SM_RailRig_Mount.uexp" 104
"../../../Engine/Content/EditorMeshes/Camera/SM_RailRig_Track.uasset" 105
"../../../Engine/Content/EditorMeshes/Camera/SM_RailRig_Track.uexp" 106
"../../../Engine/Content/EditorResources/BSPVertex.uasset" 107
"../../../Engine/Content/EditorResources/BSPVertex.uexp" 108
"../../../Engine/Content/EditorResources/EmptyActor.uasset" 109
"../../../Engine/Content/EditorResources/EmptyActor.uexp" 110
"../../../Engine/Content/EditorResources/S_Actor.uasset" 111
"../../../Engine/Content/EditorResources/S_Actor.uexp" 112
"../../../Engine/Content/EditorResources/S_Actor.ubulk" 113
"../../../Engine/Content/EditorResources/S_Note.uasset" 114
"../../../Engine/Content/EditorResources/S_Note.uexp" 115
"../../../Engine/Content/EditorResources/S_Note.ubulk" 116
"../../../Engine/Content/EditorResources/S_Solver.uasset" 117
"../../../Engine/Content/EditorResources/S_Solver.uexp" 118
"../../../Engine/Content/EditorResources/S_Solver.ubulk" 119
"../../../Engine/Content/EditorResources/S_Terrain.uasset" 120
"../../../Engine/Content/EditorResources/S_Terrain.uexp" 121
"../../../Engine/Content/EditorResources/S_Terrain.ubulk" 122
"../../../Engine/Content/EditorResources/S_Trigger.uasset" 123
"../../../Engine/Content/EditorResources/S_Trigger.uexp" 124
"../../../Engine/Content/EditorResources/S_Trigger.ubulk" 125
"../../../Engine/Content/EditorResources/SequenceRecorder/Countdown.uasset" 126
"../../../Engine/Content/EditorResources/SequenceRecorder/Countdown.uexp" 127
"../../../Engine/Content/EditorResources/SequenceRecorder/RecordingIndicator.uasset" 128
"../../../Engine/Content/EditorResources/SequenceRecorder/RecordingIndicator.uexp" 129
"../../../Engine/Content/EngineDamageTypes/DmgTypeBP_Environmental.uasset" 130
"../../../Engine/Content/EngineDamageTypes/DmgTypeBP_Environmental.uexp" 131
"../../../Engine/Content/EngineDebugMaterials/DebugEditorMaterial.uasset" 132
"../../../Engine/Content/EngineDebugMaterials/DebugEditorMaterial.uexp" 133
"../../../Engine/Content/EngineDebugMaterials/DebugMeshMaterial.uasset" 134
"../../../Engine/Content/EngineDebugMaterials/DebugMeshMaterial.uexp" 135
"../../../Engine/Content/EngineDebugMaterials/M_SimpleUnlitTranslucent.uasset" 136
"../../../Engine/Content/EngineDebugMaterials/M_SimpleUnlitTranslucent.uexp" 137
"../../../Engine/Content/EngineDebugMaterials/VolumeToRender.uasset" 138
"../../../Engine/Content/EngineDebugMaterials/VolumeToRender.uexp" 139
"../../../Engine/Content/Functions/Engine_MaterialFunctions02/Utility/CameraDirectionVector.uasset" 140
"../../../Engine/Content/Functions/Engine_MaterialFunctions02/Utility/CameraDirectionVector.uexp" 141
"../../../Engine/Content/EngineDebugMaterials/M_VolumeRenderSphereTracePP.uasset" 142
"../../../Engine/Content/EngineDebugMaterials/M_VolumeRenderSphereTracePP.uexp" 143
"../../../Engine/Content/Functions/Engine_MaterialFunctions01/Shading/ConvertFromDiffSpec.uasset" 144
"../../../Engine/Content/Functions/Engine_MaterialFunctions01/Shading/ConvertFromDiffSpec.uexp" 145
"../../../Engine/Content/EngineDebugMaterials/VertexColorMaterial.uasset" 146
"../../../Engine/Content/EngineDebugMaterials/VertexColorMaterial.uexp" 147
"../../../Engine/Content/EngineDebugMaterials/WireframeMaterial.uasset" 148
"../../../Engine/Content/EngineDebugMaterials/WireframeMaterial.uexp" 149
"../../../Engine/Content/EngineFonts/Faces/RobotoRegular.uasset" 150
"../../../Engine/Content/EngineFonts/Faces/RobotoRegular.uexp" 151
"../../../Engine/Content/EngineFonts/Faces/RobotoRegular.ufont" 152
"../../../Engine/Content/EngineFonts/Faces/RobotoLight.uasset" 153
"../../../Engine/Content/EngineFonts/Faces/RobotoLight.uexp" 154
"../../../Engine/Content/EngineFonts/Faces/RobotoLight.ufont" 155
"../../../Engine/Content/EngineFonts/Faces/RobotoItalic.uasset" 156
"../../../Engine/Content/EngineFonts/Faces/RobotoItalic.uexp" 157
"../../../Engine/Content/EngineFonts/Faces/RobotoItalic.ufont" 158
"../../../Engine/Content/EngineFonts/Faces/RobotoBoldItalic.uasset" 159
"../../../Engine/Content/EngineFonts/Faces/RobotoBoldItalic.uexp" 160
"../../../Engine/Content/EngineFonts/Faces/RobotoBoldItalic.ufont" 161
"../../../Engine/Content/EngineFonts/Faces/RobotoBold.uasset" 162
"../../../Engine/Content/EngineFonts/Faces/RobotoBold.uexp" 163
"../../../Engine/Content/EngineFonts/Faces/RobotoBold.ufont" 164
"../../../Engine/Content/EngineFonts/Faces/DroidSansFallback.uasset" 165
"../../../Engine/Content/EngineFonts/Faces/DroidSansFallback.uexp" 166
"../../../Engine/Content/EngineFonts/Faces/DroidSansFallback.ufont" 167
"../../../Engine/Content/EngineFonts/Roboto.uasset" 168
"../../../Engine/Content/EngineFonts/Roboto.uexp" 169
"../../../Engine/Content/EngineMaterials/BaseFlattenNormalMap.uasset" 170
"../../../Engine/Content/EngineMaterials/BaseFlattenNormalMap.uexp" 171
"../../../Engine/Content/EngineMaterials/BaseFlattenGrayscaleMap.uasset" 172
"../../../Engine/Content/EngineMaterials/BaseFlattenGrayscaleMap.uexp" 173
"../../../Engine/Content/EngineMaterials/BaseFlattenEmissiveMap.uasset" 174
"../../../Engine/Content/EngineMaterials/BaseFlattenEmissiveMap.uexp" 175
"../../../Engine/Content/EngineMaterials/BaseFlattenDiffuseMap.uasset" 176
"../../../Engine/Content/EngineMaterials/BaseFlattenDiffuseMap.uexp" 177
"../../../Engine/Content/EngineMaterials/BaseFlattenMaterial.uasset" 178
"../../../Engine/Content/EngineMaterials/BaseFlattenMaterial.uexp" 179
"../../../Engine/Content/EngineMaterials/BlueNoise.uasset" 180
"../../../Engine/Content/EngineMaterials/BlueNoise.uexp" 181
"../../../Engine/Content/EngineMaterials/DefaultBloomKernel.uasset" 182
"../../../Engine/Content/EngineMaterials/DefaultBloomKernel.uexp" 183
"../../../Engine/Content/EngineMaterials/DefaultBokeh.uasset" 184
"../../../Engine/Content/EngineMaterials/DefaultBokeh.uexp" 185
"../../../Engine/Content/EngineMaterials/DefaultDiffuse.uasset" 186
"../../../Engine/Content/EngineMaterials/DefaultDiffuse.uexp" 187
"../../../Engine/Content/EngineMaterials/DefaultDiffuse.ubulk" 188
"../../../Engine/Content/EngineMaterials/DefaultDeferredDecalMaterial.uasset" 189
"../../../Engine/Content/EngineMaterials/DefaultDeferredDecalMaterial.uexp" 190
"../../../Engine/Content/EngineMaterials/DefaultLightFunctionMaterial.uasset" 191
"../../../Engine/Content/EngineMaterials/DefaultLightFunctionMaterial.uexp" 192
"../../../Engine/Content/Functions/Engine_MaterialFunctions02/Utility/BreakOutFloat2Components.uasset" 193
"../../../Engine/Content/Functions/Engine_MaterialFunctions02/Utility/BreakOutFloat2Components.uexp" 194
"../../../Engine/Content/EngineMaterials/DefaultPostProcessMaterial.uasset" 195
"../../../Engine/Content/EngineMaterials/DefaultPostProcessMaterial.uexp" 196
"../../../Engine/Content/EngineFonts/RobotoDistanceField.uasset" 197
"../../../Engine/Content/EngineFonts/RobotoDistanceField.uexp" 198
"../../../Engine/Content/EngineMaterials/DefaultTextMaterialOpaque.uasset" 199
"../../../Engine/Content/EngineMaterials/DefaultTextMaterialOpaque.uexp" 200
"../../../Engine/Content/EngineMaterials/DefaultWhiteGrid.uasset" 201
"../../../Engine/Content/EngineMaterials/DefaultWhiteGrid.uexp" 202
"../../../Engine/Content/EngineMaterials/DefaultWhiteGrid.ubulk" 203
"../../../Engine/Content/EngineMaterials/DefaultWhiteGrid_Low.uasset" 204
"../../../Engine/Content/EngineMaterials/DefaultWhiteGrid_Low.uexp" 205
"../../../Engine/Content/EngineMaterials/EmissiveMeshMaterial.uasset" 206
"../../../Engine/Content/EngineMaterials/EmissiveMeshMaterial.uexp" 207
"../../../Engine/Content/EngineMaterials/GizmoMaterial.uasset" 208
"../../../Engine/Content/EngineMaterials/GizmoMaterial.uexp" 209
"../../../Engine/Content/EngineMaterials/MiniFont.uasset" 210
"../../../Engine/Content/EngineMaterials/MiniFont.uexp" 211
"../../../Engine/Content/EngineMaterials/InvalidLightmapSettings.uasset" 212
"../../../Engine/Content/EngineMaterials/InvalidLightmapSettings.uexp" 213
"../../../Engine/Content/EngineMaterials/InvalidLightmapSettings.ubulk" 214
"../../../Engine/Content/EngineMaterials/M_InvalidLightmapSettings.uasset" 215
"../../../Engine/Content/EngineMaterials/M_InvalidLightmapSettings.uexp" 216
"../../../Engine/Content/Functions/Engine_MaterialFunctions02/WorldPositionOffset/CameraOffset.uasset" 217
"../../../Engine/Content/Functions/Engine_MaterialFunctions02/WorldPositionOffset/CameraOffset.uexp" 218
"../../../Engine/Content/EngineMaterials/PhAT_JointLimitMaterial.uasset" 219
"../../../Engine/Content/EngineMaterials/PhAT_JointLimitMaterial.uexp" 220
"../../../Engine/Content/EngineMaterials/DefaultCalibrationColor.uasset" 221
"../../../Engine/Content/EngineMaterials/DefaultCalibrationColor.uexp" 222
"../../../Engine/Content/EngineMaterials/PPM_DefaultCalibrationColor.uasset" 223
"../../../Engine/Content/EngineMaterials/PPM_DefaultCalibrationColor.uexp" 224
"../../../Engine/Content/EngineMaterials/DefaultCalibrationGrayscale.uasset" 225
"../../../Engine/Content/EngineMaterials/DefaultCalibrationGrayscale.uexp" 226
"../../../Engine/Content/EngineMaterials/PPM_DefaultCalibrationGrayscale.uasset" 227
"../../../Engine/Content/EngineMaterials/PPM_DefaultCalibrationGrayscale.uexp" 228
"../../../Engine/Content/EngineMaterials/PreintegratedSkinBRDF.uasset" 229
"../../../Engine/Content/EngineMaterials/PreintegratedSkinBRDF.uexp" 230
"../../../Engine/Content/EngineMaterials/RemoveSurfaceMaterial.uasset" 231
"../../../Engine/Content/EngineMaterials/RemoveSurfaceMaterial.uexp" 232
"../../../Engine/Content/EngineMaterials/WeightMapPlaceholderTexture.uasset" 233
"../../../Engine/Content/EngineMaterials/WeightMapPlaceholderTexture.uexp" 234
"../../../Engine/Content/EngineResources/WhiteSquareTexture.uasset" 235
"../../../Engine/Content/EngineResources/WhiteSquareTexture.uexp" 236
"../../../Engine/Content/EngineMaterials/Widget3DPassThrough.uasset" 237
"../../../Engine/Content/EngineMaterials/Widget3DPassThrough.uexp" 238
"../../../Engine/Content/EngineMaterials/Widget3DPassThrough_Masked.uasset" 239
"../../../Engine/Content/EngineMaterials/Widget3DPassThrough_Masked.uexp" 240
"../../../Engine/Content/EngineMaterials/Widget3DPassThrough_Opaque.uasset" 241
"../../../Engine/Content/EngineMaterials/Widget3DPassThrough_Opaque.uexp" 242
"../../../Engine/Content/EngineMaterials/Widget3DPassThrough_Masked_OneSided.uasset" 243
"../../../Engine/Content/EngineMaterials/Widget3DPassThrough_Masked_OneSided.uexp" 244
"../../../Engine/Content/EngineMaterials/Widget3DPassThrough_Opaque_OneSided.uasset" 245
"../../../Engine/Content/EngineMaterials/Widget3DPassThrough_Opaque_OneSided.uexp" 246
"../../../Engine/Content/EngineMaterials/Widget3DPassThrough_Translucent.uasset" 247
"../../../Engine/Content/EngineMaterials/Widget3DPassThrough_Translucent.uexp" 248
"../../../Engine/Content/EngineMaterials/Widget3DPassThrough_Translucent_OneSided.uasset" 249
"../../../Engine/Content/EngineMaterials/Widget3DPassThrough_Translucent_OneSided.uexp" 250
"../../../Engine/Content/EngineMeshes/Cylinder.uasset" 251
"../../../Engine/Content/EngineMeshes/Cylinder.uexp" 252
"../../../Engine/Content/EngineMeshes/Sphere.uasset" 253
"../../../Engine/Content/EngineMeshes/Sphere.uexp" 254
"../../../Engine/Content/EngineResources/DefaultTexture.uasset" 255
"../../../Engine/Content/EngineResources/DefaultTexture.uexp" 256
"../../../Engine/Content/EngineResources/DefaultTexture.ubulk" 257
"../../../Engine/Content/EngineResources/DefaultTextureCube.uasset" 258
"../../../Engine/Content/EngineResources/DefaultTextureCube.uexp" 259
"../../../Engine/Content/EngineResources/DefaultVolumeTexture2D.uasset" 260
"../../../Engine/Content/EngineResources/DefaultVolumeTexture2D.uexp" 261
"../../../Engine/Content/EngineResources/DefaultVolumeTexture.uasset" 262
"../../../Engine/Content/EngineResources/DefaultVolumeTexture.uexp" 263
"../../../Engine/Content/EngineResources/GradientTexture0.uasset" 264
"../../../Engine/Content/EngineResources/GradientTexture0.uexp" 265
"../../../Engine/Content/EngineSky/VolumetricClouds/T_NoiseShape64.uasset" 266
"../../../Engine/Content/EngineSky/VolumetricClouds/T_NoiseShape64.uexp" 267
"../../../Engine/Content/EngineSky/VolumetricClouds/T_NoiseShape64.ubulk" 268
"../../../Engine/Content/EngineSky/VolumetricClouds/T_VolumeNoiseShape64.uasset" 269
"../../../Engine/Content/EngineSky/VolumetricClouds/T_VolumeNoiseShape64.uexp" 270
"../../../Engine/Content/EngineSky/VolumetricClouds/T_NoiseErosion.uasset" 271
"../../../Engine/Content/EngineSky/VolumetricClouds/T_NoiseErosion.uexp" 272
"../../../Engine/Content/EngineSky/VolumetricClouds/T_NoiseErosion.ubulk" 273
"../../../Engine/Content/EngineSky/VolumetricClouds/T_VolumeNoiseErosion32.uasset" 274
"../../../Engine/Content/EngineSky/VolumetricClouds/T_VolumeNoiseErosion32.uexp" 275
"../../../Engine/Content/EngineSky/VolumetricClouds/CloudWeatherTexture.uasset" 276
"../../../Engine/Content/EngineSky/VolumetricClouds/CloudWeatherTexture.uexp" 277
"../../../Engine/Content/EngineSky/VolumetricClouds/CloudGradientTexture.uasset" 278
"../../../Engine/Content/EngineSky/VolumetricClouds/CloudGradientTexture.uexp" 279
"../../../Engine/Content/Functions/Engine_MaterialFunctions02/Utility/MakeFloat2.uasset" 280
"../../../Engine/Content/Functions/Engine_MaterialFunctions02/Utility/MakeFloat2.uexp" 281
"../../../Engine/Content/EngineSky/VolumetricClouds/m_SimpleVolumetricCloud.uasset" 282
"../../../Engine/Content/EngineSky/VolumetricClouds/m_SimpleVolumetricCloud.uexp" 283
"../../../Engine/Content/EngineSky/VolumetricClouds/m_SimpleVolumetricCloud_Inst.uasset" 284
"../../../Engine/Content/EngineSky/VolumetricClouds/m_SimpleVolumetricCloud_Inst.uexp" 285
"../../../Engine/Content/EngineSounds/Master.uasset" 286
"../../../Engine/Content/EngineSounds/Master.uexp" 287
"../../../Engine/Content/Functions/Engine_MaterialFunctions01/Shading/PowerToRoughness.uasset" 288
"../../../Engine/Content/Functions/Engine_MaterialFunctions01/Shading/PowerToRoughness.uexp" 289
"../../../Engine/Content/Maps/Templates/Thumbnails/Default.uasset" 290
"../../../Engine/Content/Maps/Templates/Thumbnails/Default.uexp" 291
"../../../Engine/Content/Maps/Templates/Thumbnails/TimeOfDay.uasset" 292
"../../../Engine/Content/Maps/Templates/Thumbnails/TimeOfDay.uexp" 293
"../../../Engine/Content/Maps/Templates/Thumbnails/VR-Basic.uasset" 294
"../../../Engine/Content/Maps/Templates/Thumbnails/VR-Basic.uexp" 295
"../../../Engine/Content/MobileResources/T_MobileControls_texture.uasset" 296
"../../../Engine/Content/MobileResources/T_MobileControls_texture.uexp" 297
"../../../Engine/Content/MobileResources/T_MobileMenu2.uasset" 298
"../../../Engine/Content/MobileResources/T_MobileMenu2.uexp" 299
"../../../Engine/Content/MobileResources/HUD/AnalogHat.uasset" 300
"../../../Engine/Content/MobileResources/HUD/AnalogHat.uexp" 301
"../../../Engine/Content/MobileResources/HUD/VirtualJoystick_Thumb.uasset" 302
"../../../Engine/Content/MobileResources/HUD/VirtualJoystick_Thumb.uexp" 303
"../../../Engine/Content/MobileResources/HUD/VirtualJoystick_Background.uasset" 304
"../../../Engine/Content/MobileResources/HUD/VirtualJoystick_Background.uexp" 305
"../../../Engine/Content/MobileResources/HUD/DefaultVirtualJoysticks.uasset" 306
"../../../Engine/Content/MobileResources/HUD/DefaultVirtualJoysticks.uexp" 307
"../../../Engine/Content/MobileResources/HUD/LeftVirtualJoystickOnly.uasset" 308
"../../../Engine/Content/MobileResources/HUD/LeftVirtualJoystickOnly.uexp" 309
"../../../Engine/Content/MobileResources/HUD/MobileHUDButton1_off.uasset" 310
"../../../Engine/Content/MobileResources/HUD/MobileHUDButton1_off.uexp" 311
"../../../Engine/Content/MobileResources/HUD/MobileHUDButton1_on.uasset" 312
"../../../Engine/Content/MobileResources/HUD/MobileHUDButton1_on.uexp" 313
"../../../Engine/Content/MobileResources/HUD/MobileHUDButton2_off.uasset" 314
"../../../Engine/Content/MobileResources/HUD/MobileHUDButton2_off.uexp" 315
"../../../Engine/Content/MobileResources/HUD/MobileHUDButton2_on.uasset" 316
"../../../Engine/Content/MobileResources/HUD/MobileHUDButton2_on.uexp" 317
"../../../Engine/Content/MobileResources/HUD/MobileHUDButton3.uasset" 318
"../../../Engine/Content/MobileResources/HUD/MobileHUDButton3.uexp" 319
"../../../Engine/Content/MobileResources/HUD/MobileHUDButtonFire.uasset" 320
"../../../Engine/Content/MobileResources/HUD/MobileHUDButtonFire.uexp" 321
"../../../Engine/Content/MobileResources/HUD/MobileHUDDirectionPad.uasset" 322
"../../../Engine/Content/MobileResources/HUD/MobileHUDDirectionPad.uexp" 323
"../../../Engine/Content/MobileResources/HUD/MobileHUDDirectionPad2.uasset" 324
"../../../Engine/Content/MobileResources/HUD/MobileHUDDirectionPad2.uexp" 325
"../../../Engine/Content/MobileResources/HUD/MobileHUDDirectionPad3.uasset" 326
"../../../Engine/Content/MobileResources/HUD/MobileHUDDirectionPad3.uexp" 327
"../../../Engine/Content/MobileResources/HUD/MobileHUDDirectionStick.uasset" 328
"../../../Engine/Content/MobileResources/HUD/MobileHUDDirectionStick.uexp" 329
"../../../Engine/Content/MobileResources/HUD/T_Castle_ThumbstickInner.uasset" 330
"../../../Engine/Content/MobileResources/HUD/T_Castle_ThumbstickInner.uexp" 331
"../../../Engine/Content/MobileResources/HUD/T_Castle_ThumbstickOutter.uasset" 332
"../../../Engine/Content/MobileResources/HUD/T_Castle_ThumbstickOutter.uexp" 333
"../../../Engine/Content/Tutorial/ContentIntroCurve.uasset" 334
"../../../Engine/Content/Tutorial/ContentIntroCurve.uexp" 335
"../../../Engine/Content/VREditor/TransformGizmo/TranslucentTransformGizmoMaterial.uasset" 336
"../../../Engine/Content/VREditor/TransformGizmo/TranslucentTransformGizmoMaterial.uexp" 337
"../../../Engine/Content/VREditor/LaserPointer/VR_LaserPower_01.uasset" 338
"../../../Engine/Content/VREditor/LaserPointer/VR_LaserPower_01.uexp" 339
"../../../Engine/Content/VREditor/LaserPointer/VR_LaserPower_01.ubulk" 340
"../../../Engine/Content/VREditor/TransformGizmo/TransformGizmoMaterial.uasset" 341
"../../../Engine/Content/VREditor/TransformGizmo/TransformGizmoMaterial.uexp" 342
"../../../Engine/Content/VREditor/TransformGizmo/BoundingBoxCorner.uasset" 343
"../../../Engine/Content/VREditor/TransformGizmo/BoundingBoxCorner.uexp" 344
"../../../Engine/Content/VREditor/TransformGizmo/BoundingBoxEdge.uasset" 345
"../../../Engine/Content/VREditor/TransformGizmo/BoundingBoxEdge.uexp" 346
"../../../Engine/Content/VREditor/TransformGizmo/PlaneTranslationHandle.uasset" 347
"../../../Engine/Content/VREditor/TransformGizmo/PlaneTranslationHandle.uexp" 348
"../../../Engine/Content/VREditor/TransformGizmo/Xray.uasset" 349
"../../../Engine/Content/VREditor/TransformGizmo/Xray.uexp" 350
"../../../Engine/Content/VREditor/TransformGizmo/Main.uasset" 351
"../../../Engine/Content/VREditor/TransformGizmo/Main.uexp" 352
"../../../Engine/Content/VREditor/TransformGizmo/SM_Sequencer_Key.uasset" 353
"../../../Engine/Content/VREditor/TransformGizmo/SM_Sequencer_Key.uexp" 354
"../../../Engine/Content/VREditor/TransformGizmo/SM_Sequencer_Node.uasset" 355
"../../../Engine/Content/VREditor/TransformGizmo/SM_Sequencer_Node.uexp" 356
"../../../Engine/Plugins/2D/Paper2D/Content/PlaceholderTextures/DummySpriteTexture.uasset" 357
"../../../Engine/Plugins/2D/Paper2D/Content/PlaceholderTextures/DummySpriteTexture.uexp" 358
"../../../Engine/Plugins/2D/Paper2D/Content/PlaceholderTextures/DummySpriteTexture.ubulk" 359
"../../../Engine/Plugins/2D/Paper2D/Content/DummySprite.uasset" 360
"../../../Engine/Plugins/2D/Paper2D/Content/DummySprite.uexp" 361
"../../../Engine/Plugins/2D/Paper2D/Content/DefaultPaperTerrainMaterial.uasset" 362
"../../../Engine/Plugins/2D/Paper2D/Content/DefaultPaperTerrainMaterial.uexp" 363
"../../../Engine/Plugins/2D/Paper2D/Content/DefaultSpriteMaterial.uasset" 364
"../../../Engine/Plugins/2D/Paper2D/Content/DefaultSpriteMaterial.uexp" 365
"../../../Engine/Plugins/2D/Paper2D/Content/MaskedUnlitSpriteMaterial.uasset" 366
"../../../Engine/Plugins/2D/Paper2D/Content/MaskedUnlitSpriteMaterial.uexp" 367
"../../../Engine/Plugins/2D/Paper2D/Content/OpaqueUnlitSpriteMaterial.uasset" 368
"../../../Engine/Plugins/2D/Paper2D/Content/OpaqueUnlitSpriteMaterial.uexp" 369
"../../../Engine/Content/Functions/Engine_MaterialFunctions02/Utility/VectorLength.uasset" 370
"../../../Engine/Content/Functions/Engine_MaterialFunctions02/Utility/VectorLength.uexp" 371
"../../../Engine/Content/Functions/Engine_MaterialFunctions02/WorldPositionOffset/ObjectScale.uasset" 372
"../../../Engine/Content/Functions/Engine_MaterialFunctions02/WorldPositionOffset/ObjectScale.uexp" 373
"../../../Engine/Content/Functions/Engine_MaterialFunctions02/Utility/BreakOutFloat3Components.uasset" 374
"../../../Engine/Content/Functions/Engine_MaterialFunctions02/Utility/BreakOutFloat3Components.uexp" 375
"../../../Engine/Content/Functions/Engine_MaterialFunctions02/ObjectLocalBounds.uasset" 376
"../../../Engine/Content/Functions/Engine_MaterialFunctions02/ObjectLocalBounds.uexp" 377
"../../../Engine/Plugins/Editor/SpeedTreeImporter/Content/SpeedTree9/UnpackInteger3.uasset" 378
"../../../Engine/Plugins/Editor/SpeedTreeImporter/Content/SpeedTree9/UnpackInteger3.uexp" 379
"../../../Engine/Plugins/Editor/SpeedTreeImporter/Content/SpeedTree9/UnpackDirection.uasset" 380
"../../../Engine/Plugins/Editor/SpeedTreeImporter/Content/SpeedTree9/UnpackDirection.uexp" 381
"../../../Engine/Plugins/Editor/SpeedTreeImporter/Content/SpeedTree9/game_wind_noise.uasset" 382
"../../../Engine/Plugins/Editor/SpeedTreeImporter/Content/SpeedTree9/game_wind_noise.uexp" 383
"../../../Engine/Plugins/Editor/SpeedTreeImporter/Content/SpeedTree9/game_wind_noise.ubulk" 384
"../../../Engine/Content/Functions/Engine_MaterialFunctions02/SafeNormalize.uasset" 385
"../../../Engine/Content/Functions/Engine_MaterialFunctions02/SafeNormalize.uexp" 386
"../../../Engine/Plugins/Editor/SpeedTreeImporter/Content/SpeedTree9/SpeedTreeWindMotion.uasset" 387
"../../../Engine/Plugins/Editor/SpeedTreeImporter/Content/SpeedTree9/SpeedTreeWindMotion.uexp" 388
"../../../Engine/Plugins/Editor/SpeedTreeImporter/Content/SpeedTree9/SpeedTreeBranchMotion.uasset" 389
"../../../Engine/Plugins/Editor/SpeedTreeImporter/Content/SpeedTree9/SpeedTreeBranchMotion.uexp" 390
"../../../Engine/Content/Functions/Engine_MaterialFunctions02/UVs/BoundingBoxBased_0-1_UVW.uasset" 391
"../../../Engine/Content/Functions/Engine_MaterialFunctions02/UVs/BoundingBoxBased_0-1_UVW.uexp" 392
"../../../Engine/Plugins/Editor/SpeedTreeImporter/Content/SpeedTree9/SpeedTreeWind.uasset" 393
"../../../Engine/Plugins/Editor/SpeedTreeImporter/Content/SpeedTree9/SpeedTreeWind.uexp" 394
"../../../Engine/Plugins/Editor/SpeedTreeImporter/Content/SpeedTree9/SpeedTreeBillboard.uasset" 395
"../../../Engine/Plugins/Editor/SpeedTreeImporter/Content/SpeedTree9/SpeedTreeBillboard.uexp" 396
"../../../Engine/Plugins/Editor/SpeedTreeImporter/Content/SpeedTree9/EmptyNormal.uasset" 397
"../../../Engine/Plugins/Editor/SpeedTreeImporter/Content/SpeedTree9/EmptyNormal.uexp" 398
"../../../Engine/Plugins/Editor/SpeedTreeImporter/Content/SpeedTree9/Empty.uasset" 399
"../../../Engine/Plugins/Editor/SpeedTreeImporter/Content/SpeedTree9/Empty.uexp" 400
"../../../Engine/Plugins/Editor/SpeedTreeImporter/Content/SpeedTree9/SpeedTreeBillboardMaster.uasset" 401
"../../../Engine/Plugins/Editor/SpeedTreeImporter/Content/SpeedTree9/SpeedTreeBillboardMaster.uexp" 402
"../../../Engine/Plugins/Editor/SpeedTreeImporter/Content/SpeedTree9/SpeedTreeCameraFacing.uasset" 403
"../../../Engine/Plugins/Editor/SpeedTreeImporter/Content/SpeedTree9/SpeedTreeCameraFacing.uexp" 404
"../../../Engine/Plugins/Editor/SpeedTreeImporter/Content/SpeedTree9/SpeedTreeMaster.uasset" 405
"../../../Engine/Plugins/Editor/SpeedTreeImporter/Content/SpeedTree9/SpeedTreeMaster.uexp" 406
"../../../Engine/Content/BasicShapes/Cylinder.uasset" 407
"../../../Engine/Content/BasicShapes/Cylinder.uexp" 408
"../../../Engine/Content/ArtTools/RenderToTexture/Materials/Debug/M_Emissive_Color.uasset" 409
"../../../Engine/Content/ArtTools/RenderToTexture/Materials/Debug/M_Emissive_Color.uexp" 410
"../../../Engine/Plugins/Lumin/MagicLeapPassableWorld/Content/MagicLeapARPinInfoActor.uasset" 411
"../../../Engine/Plugins/Lumin/MagicLeapPassableWorld/Content/MagicLeapARPinInfoActor.uexp" 412
"../../../Engine/Plugins/Runtime/OpenXR/Content/Devices/GoogleDaydream/MRTexture.uasset" 413
"../../../Engine/Plugins/Runtime/OpenXR/Content/Devices/GoogleDaydream/MRTexture.uexp" 414
"../../../Engine/Plugins/Runtime/OpenXR/Content/Devices/GoogleDaydream/MRTexture.ubulk" 415
"../../../Engine/Plugins/Runtime/OpenXR/Content/Devices/GoogleDaydream/BaseTexture.uasset" 416
"../../../Engine/Plugins/Runtime/OpenXR/Content/Devices/GoogleDaydream/BaseTexture.uexp" 417
"../../../Engine/Plugins/Runtime/OpenXR/Content/Devices/GoogleDaydream/BaseTexture.ubulk" 418
"../../../Engine/Content/EngineResources/Black.uasset" 419
"../../../Engine/Content/EngineResources/Black.uexp" 420
"../../../Engine/Plugins/Runtime/OpenXR/Content/Devices/M_XRController.uasset" 421
"../../../Engine/Plugins/Runtime/OpenXR/Content/Devices/M_XRController.uexp" 422
"../../../Engine/Plugins/Runtime/OpenXR/Content/Devices/GoogleDaydream/MI_GoogleDaydream.uasset" 423
"../../../Engine/Plugins/Runtime/OpenXR/Content/Devices/GoogleDaydream/MI_GoogleDaydream.uexp" 424
"../../../Engine/Plugins/Runtime/OpenXR/Content/Devices/GoogleDaydream/GoogleDaydreamController.uasset" 425
"../../../Engine/Plugins/Runtime/OpenXR/Content/Devices/GoogleDaydream/GoogleDaydreamController.uexp" 426
"../../../Engine/Plugins/Runtime/OpenXR/Content/Devices/HTCVive/BaseTexture.uasset" 427
"../../../Engine/Plugins/Runtime/OpenXR/Content/Devices/HTCVive/BaseTexture.uexp" 428
"../../../Engine/Plugins/Runtime/OpenXR/Content/Devices/HTCVive/BaseTexture.ubulk" 429
"../../../Engine/Plugins/Runtime/OpenXR/Content/Devices/HTCVive/MI_HTCVive.uasset" 430
"../../../Engine/Plugins/Runtime/OpenXR/Content/Devices/HTCVive/MI_HTCVive.uexp" 431
"../../../Engine/Plugins/Runtime/OpenXR/Content/Devices/HTCVive/HTCViveController.uasset" 432
"../../../Engine/Plugins/Runtime/OpenXR/Content/Devices/HTCVive/HTCViveController.uexp" 433
"../../../Engine/Plugins/Runtime/OpenXR/Content/Devices/MicrosoftMixedReality/NormalTexture.uasset" 434
"../../../Engine/Plugins/Runtime/OpenXR/Content/Devices/MicrosoftMixedReality/NormalTexture.uexp" 435
"../../../Engine/Plugins/Runtime/OpenXR/Content/Devices/MicrosoftMixedReality/NormalTexture.ubulk" 436
"../../../Engine/Plugins/Runtime/OpenXR/Content/Devices/MicrosoftMixedReality/MRTexture.uasset" 437
"../../../Engine/Plugins/Runtime/OpenXR/Content/Devices/MicrosoftMixedReality/MRTexture.uexp" 438
"../../../Engine/Plugins/Runtime/OpenXR/Content/Devices/MicrosoftMixedReality/MRTexture.ubulk" 439
"../../../Engine/Plugins/Runtime/OpenXR/Content/Devices/MicrosoftMixedReality/EmissiveTexture.uasset" 440
"../../../Engine/Plugins/Runtime/OpenXR/Content/Devices/MicrosoftMixedReality/EmissiveTexture.uexp" 441
"../../../Engine/Plugins/Runtime/OpenXR/Content/Devices/MicrosoftMixedReality/EmissiveTexture.ubulk" 442
"../../../Engine/Plugins/Runtime/OpenXR/Content/Devices/MicrosoftMixedReality/BaseTexture.uasset" 443
"../../../Engine/Plugins/Runtime/OpenXR/Content/Devices/MicrosoftMixedReality/BaseTexture.uexp" 444
"../../../Engine/Plugins/Runtime/OpenXR/Content/Devices/MicrosoftMixedReality/BaseTexture.ubulk" 445
"../../../Engine/Plugins/Runtime/OpenXR/Content/Devices/MicrosoftMixedReality/MI_MicrosoftMixedReality.uasset" 446
"../../../Engine/Plugins/Runtime/OpenXR/Content/Devices/MicrosoftMixedReality/MI_MicrosoftMixedReality.uexp" 447
"../../../Engine/Plugins/Runtime/OpenXR/Content/Devices/MicrosoftMixedReality/Left/left_MicrosoftMixedRealityController.uasset" 448
"../../../Engine/Plugins/Runtime/OpenXR/Content/Devices/MicrosoftMixedReality/Left/left_MicrosoftMixedRealityController.uexp" 449
"../../../Engine/Plugins/Runtime/OpenXR/Content/Devices/MicrosoftMixedReality/Right/right_MicrosoftMixedRealityController.uasset" 450
"../../../Engine/Plugins/Runtime/OpenXR/Content/Devices/MicrosoftMixedReality/Right/right_MicrosoftMixedRealityController.uexp" 451
"../../../Engine/Plugins/Runtime/OpenXR/Content/Devices/OculusGo/BaseTexture.uasset" 452
"../../../Engine/Plugins/Runtime/OpenXR/Content/Devices/OculusGo/BaseTexture.uexp" 453
"../../../Engine/Plugins/Runtime/OpenXR/Content/Devices/OculusGo/BaseTexture.ubulk" 454
"../../../Engine/Plugins/Runtime/OpenXR/Content/Devices/OculusGo/MI_OculusGo.uasset" 455
"../../../Engine/Plugins/Runtime/OpenXR/Content/Devices/OculusGo/MI_OculusGo.uexp" 456
"../../../Engine/Plugins/Runtime/OpenXR/Content/Devices/OculusGo/OculusGoController.uasset" 457
"../../../Engine/Plugins/Runtime/OpenXR/Content/Devices/OculusGo/OculusGoController.uexp" 458
"../../../Engine/Plugins/Runtime/OpenXR/Content/Devices/OculusTouch/MRTexture.uasset" 459
"../../../Engine/Plugins/Runtime/OpenXR/Content/Devices/OculusTouch/MRTexture.uexp" 460
"../../../Engine/Plugins/Runtime/OpenXR/Content/Devices/OculusTouch/MRTexture.ubulk" 461
"../../../Engine/Plugins/Runtime/OpenXR/Content/Devices/OculusTouch/BaseTexture.uasset" 462
"../../../Engine/Plugins/Runtime/OpenXR/Content/Devices/OculusTouch/BaseTexture.uexp" 463
"../../../Engine/Plugins/Runtime/OpenXR/Content/Devices/OculusTouch/BaseTexture.ubulk" 464
"../../../Engine/Plugins/Runtime/OpenXR/Content/Devices/OculusTouch/MI_OculusTouch.uasset" 465
"../../../Engine/Plugins/Runtime/OpenXR/Content/Devices/OculusTouch/MI_OculusTouch.uexp" 466
"../../../Engine/Plugins/Runtime/OpenXR/Content/Devices/OculusTouch/Left/left_OculusTouchController.uasset" 467
"../../../Engine/Plugins/Runtime/OpenXR/Content/Devices/OculusTouch/Left/left_OculusTouchController.uexp" 468
"../../../Engine/Plugins/Runtime/OpenXR/Content/Devices/OculusTouch/Right/right_OculusTouchController.uasset" 469
"../../../Engine/Plugins/Runtime/OpenXR/Content/Devices/OculusTouch/Right/right_OculusTouchController.uexp" 470
"../../../Engine/Plugins/Runtime/OpenXR/Content/Devices/OculusTouch_v2/MRTexture.uasset" 471
"../../../Engine/Plugins/Runtime/OpenXR/Content/Devices/OculusTouch_v2/MRTexture.uexp" 472
"../../../Engine/Plugins/Runtime/OpenXR/Content/Devices/OculusTouch_v2/MRTexture.ubulk" 473
"../../../Engine/Plugins/Runtime/OpenXR/Content/Devices/OculusTouch_v2/BaseTexture.uasset" 474
"../../../Engine/Plugins/Runtime/OpenXR/Content/Devices/OculusTouch_v2/BaseTexture.uexp" 475
"../../../Engine/Plugins/Runtime/OpenXR/Content/Devices/OculusTouch_v2/BaseTexture.ubulk" 476
"../../../Engine/Plugins/Runtime/OpenXR/Content/Devices/OculusTouch_v2/MI_OculusTouch_v2.uasset" 477
"../../../Engine/Plugins/Runtime/OpenXR/Content/Devices/OculusTouch_v2/MI_OculusTouch_v2.uexp" 478
"../../../Engine/Plugins/Runtime/OpenXR/Content/Devices/OculusTouch_v2/Left/left_OculusTouch_v2Controller.uasset" 479
"../../../Engine/Plugins/Runtime/OpenXR/Content/Devices/OculusTouch_v2/Left/left_OculusTouch_v2Controller.uexp" 480
"../../../Engine/Plugins/Runtime/OpenXR/Content/Devices/OculusTouch_v2/Right/right_OculusTouch_v2Controller.uasset" 481
"../../../Engine/Plugins/Runtime/OpenXR/Content/Devices/OculusTouch_v2/Right/right_OculusTouch_v2Controller.uexp" 482
"../../../Engine/Plugins/Runtime/OpenXR/Content/Devices/OculusTouch_v3/MRTexture.uasset" 483
"../../../Engine/Plugins/Runtime/OpenXR/Content/Devices/OculusTouch_v3/MRTexture.uexp" 484
"../../../Engine/Plugins/Runtime/OpenXR/Content/Devices/OculusTouch_v3/MRTexture.ubulk" 485
"../../../Engine/Plugins/Runtime/OpenXR/Content/Devices/OculusTouch_v3/BaseTexture.uasset" 486
"../../../Engine/Plugins/Runtime/OpenXR/Content/Devices/OculusTouch_v3/BaseTexture.uexp" 487
"../../../Engine/Plugins/Runtime/OpenXR/Content/Devices/OculusTouch_v3/BaseTexture.ubulk" 488
"../../../Engine/Plugins/Runtime/OpenXR/Content/Devices/OculusTouch_v3/MI_OculusTouch_v3.uasset" 489
"../../../Engine/Plugins/Runtime/OpenXR/Content/Devices/OculusTouch_v3/MI_OculusTouch_v3.uexp" 490
"../../../Engine/Plugins/Runtime/OpenXR/Content/Devices/OculusTouch_v3/Left/left_OculusTouch_v3Controller.uasset" 491
"../../../Engine/Plugins/Runtime/OpenXR/Content/Devices/OculusTouch_v3/Left/left_OculusTouch_v3Controller.uexp" 492
"../../../Engine/Plugins/Runtime/OpenXR/Content/Devices/OculusTouch_v3/Right/right_OculusTouch_v3Controller.uasset" 493
"../../../Engine/Plugins/Runtime/OpenXR/Content/Devices/OculusTouch_v3/Right/right_OculusTouch_v3Controller.uexp" 494
"../../../Engine/Plugins/Runtime/OpenXR/Content/Devices/ValveIndex/MRTexture.uasset" 495
"../../../Engine/Plugins/Runtime/OpenXR/Content/Devices/ValveIndex/MRTexture.uexp" 496
"../../../Engine/Plugins/Runtime/OpenXR/Content/Devices/ValveIndex/MRTexture.ubulk" 497
"../../../Engine/Plugins/Runtime/OpenXR/Content/Devices/ValveIndex/BaseTexture.uasset" 498
"../../../Engine/Plugins/Runtime/OpenXR/Content/Devices/ValveIndex/BaseTexture.uexp" 499
"../../../Engine/Plugins/Runtime/OpenXR/Content/Devices/ValveIndex/BaseTexture.ubulk" 500
"../../../Engine/Plugins/Runtime/OpenXR/Content/Devices/ValveIndex/Left/MI_left_ValveIndex.uasset" 501
"../../../Engine/Plugins/Runtime/OpenXR/Content/Devices/ValveIndex/Left/MI_left_ValveIndex.uexp" 502
"../../../Engine/Plugins/Runtime/OpenXR/Content/Devices/ValveIndex/Left/left_ValveIndexController.uasset" 503
"../../../Engine/Plugins/Runtime/OpenXR/Content/Devices/ValveIndex/Left/left_ValveIndexController.uexp" 504
"../../../Engine/Plugins/Runtime/OpenXR/Content/Devices/ValveIndex/Right/MI_right_ValveIndex.uasset" 505
"../../../Engine/Plugins/Runtime/OpenXR/Content/Devices/ValveIndex/Right/MI_right_ValveIndex.uexp" 506
"../../../Engine/Plugins/Runtime/OpenXR/Content/Devices/ValveIndex/Right/right_ValveIndexController.uasset" 507
"../../../Engine/Plugins/Runtime/OpenXR/Content/Devices/ValveIndex/Right/right_ValveIndexController.uexp" 508
"../../../Engine/Content/Functions/Engine_MaterialFunctions02/Utility/BreakOutFloat4Components.uasset" 509
"../../../Engine/Content/Functions/Engine_MaterialFunctions02/Utility/BreakOutFloat4Components.uexp" 510
"../../../Engine/Content/Functions/Engine_MaterialFunctions02/Utility/MakeFloat3.uasset" 511
"../../../Engine/Content/Functions/Engine_MaterialFunctions02/Utility/MakeFloat3.uexp" 512
"../../../Engine/Plugins/Runtime/Oculus/OculusVR/Content/Materials/OculusMR_ChromaKey.uasset" 513
"../../../Engine/Plugins/Runtime/Oculus/OculusVR/Content/Materials/OculusMR_ChromaKey.uexp" 514
"../../../Engine/Plugins/Runtime/Oculus/OculusVR/Content/Materials/OculusMR_OpaqueColoredMaterial.uasset" 515
"../../../Engine/Plugins/Runtime/Oculus/OculusVR/Content/Materials/OculusMR_OpaqueColoredMaterial.uexp" 516
"../../../Engine/Plugins/Runtime/Oculus/OculusVR/Content/Materials/PokeAHoleMaterial.uasset" 517
"../../../Engine/Plugins/Runtime/Oculus/OculusVR/Content/Materials/PokeAHoleMaterial.uexp" 518
"../../../Engine/Plugins/Runtime/Oculus/OculusVR/Content/Textures/touchController_controlmap.uasset" 519
"../../../Engine/Plugins/Runtime/Oculus/OculusVR/Content/Textures/touchController_controlmap.uexp" 520
"../../../Engine/Plugins/Runtime/Oculus/OculusVR/Content/Textures/touchController_controlmap.ubulk" 521
"../../../Engine/Plugins/Runtime/Oculus/OculusVR/Content/Textures/touchController_albedo.uasset" 522
"../../../Engine/Plugins/Runtime/Oculus/OculusVR/Content/Textures/touchController_albedo.uexp" 523
"../../../Engine/Plugins/Runtime/Oculus/OculusVR/Content/Textures/touchController_albedo.ubulk" 524
"../../../Engine/Plugins/Runtime/Oculus/OculusVR/Content/Materials/touchController_mat.uasset" 525
"../../../Engine/Plugins/Runtime/Oculus/OculusVR/Content/Materials/touchController_mat.uexp" 526
"../../../Engine/Plugins/Runtime/Oculus/OculusVR/Content/Meshes/LeftTouchController.uasset" 527
"../../../Engine/Plugins/Runtime/Oculus/OculusVR/Content/Meshes/LeftTouchController.uexp" 528
"../../../Engine/Plugins/Runtime/Oculus/OculusVR/Content/Textures/TouchForQuestRiftSController_albedo.uasset" 529
"../../../Engine/Plugins/Runtime/Oculus/OculusVR/Content/Textures/TouchForQuestRiftSController_albedo.uexp" 530
"../../../Engine/Plugins/Runtime/Oculus/OculusVR/Content/Textures/TouchForQuestRiftSController_albedo.ubulk" 531
"../../../Engine/Plugins/Runtime/Oculus/OculusVR/Content/Materials/TouchForQuestRiftSControllerMaterial.uasset" 532
"../../../Engine/Plugins/Runtime/Oculus/OculusVR/Content/Materials/TouchForQuestRiftSControllerMaterial.uexp" 533
"../../../Engine/Plugins/Runtime/Oculus/OculusVR/Content/Meshes/LeftTouchForQuestRiftSController.uasset" 534
"../../../Engine/Plugins/Runtime/Oculus/OculusVR/Content/Meshes/LeftTouchForQuestRiftSController.uexp" 535
"../../../Engine/Plugins/Runtime/Oculus/OculusVR/Content/Meshes/RiftHMD.uasset" 536
"../../../Engine/Plugins/Runtime/Oculus/OculusVR/Content/Meshes/RiftHMD.uexp" 537
"../../../Engine/Plugins/Runtime/Oculus/OculusVR/Content/Meshes/RightTouchController.uasset" 538
"../../../Engine/Plugins/Runtime/Oculus/OculusVR/Content/Meshes/RightTouchController.uexp" 539
"../../../Engine/Plugins/Runtime/Oculus/OculusVR/Content/Meshes/RightTouchForQuestRiftSController.uasset" 540
"../../../Engine/Plugins/Runtime/Oculus/OculusVR/Content/Meshes/RightTouchForQuestRiftSController.uexp" 541
"../../../Engine/Content/MapTemplates/Sky/DaylightAmbientCubemap.uasset" 542
"../../../Engine/Content/MapTemplates/Sky/DaylightAmbientCubemap.uexp" 543
"../../../Engine/Content/EngineMaterials/DefaultPhysicalMaterial.uasset" 544
"../../../Engine/Content/EngineMaterials/DefaultPhysicalMaterial.uexp" 545
"../../../Engine/Content/EngineSky/T_Sky_Stars.uasset" 546
"../../../Engine/Content/EngineSky/T_Sky_Stars.uexp" 547
"../../../Engine/Content/EngineSky/T_Sky_Stars.ubulk" 548
"../../../Engine/Content/EngineSky/T_Sky_Clouds_M.uasset" 549
"../../../Engine/Content/EngineSky/T_Sky_Clouds_M.uexp" 550
"../../../Engine/Content/EngineSky/T_Sky_Clouds_M.ubulk" 551
"../../../Engine/Content/EngineSky/T_Sky_Blue.uasset" 552
"../../../Engine/Content/EngineSky/T_Sky_Blue.uexp" 553
"../../../Engine/Content/EngineSky/T_Sky_Blue.ubulk" 554
"../../../Engine/Content/EngineSky/M_Sky_Panning_Clouds2.uasset" 555
"../../../Engine/Content/EngineSky/M_Sky_Panning_Clouds2.uexp" 556
"../../../Engine/Content/EditorBlueprintResources/StandardMacros.uasset" 557
"../../../Engine/Content/EditorBlueprintResources/StandardMacros.uexp" 558
"../../../Engine/Content/EngineSky/SM_SkySphere.uasset" 559
"../../../Engine/Content/EngineSky/SM_SkySphere.uexp" 560
"../../../Engine/Content/EngineSky/C_Sky_Zenith_Color.uasset" 561
"../../../Engine/Content/EngineSky/C_Sky_Zenith_Color.uexp" 562
"../../../Engine/Content/EngineSky/C_Sky_Horizon_Color.uasset" 563
"../../../Engine/Content/EngineSky/C_Sky_Horizon_Color.uexp" 564
"../../../Engine/Content/EngineSky/C_Sky_Cloud_Color.uasset" 565
"../../../Engine/Content/EngineSky/C_Sky_Cloud_Color.uexp" 566
"../../../Engine/Content/EngineSky/BP_Sky_Sphere.uasset" 567
"../../../Engine/Content/EngineSky/BP_Sky_Sphere.uexp" 568
"C:/Users/Omar/OneDrive/Documents/Unreal Projects/BullCowGame-starter-kit 4.27/Content/Environment/UnrealCow/Textures/T_Toy_Cow_N.uasset" 569
"C:/Users/Omar/OneDrive/Documents/Unreal Projects/BullCowGame-starter-kit 4.27/Content/Environment/UnrealCow/Textures/T_Toy_Cow_N.uexp" 570
"C:/Users/Omar/OneDrive/Documents/Unreal Projects/BullCowGame-starter-kit 4.27/Content/Environment/UnrealCow/Textures/T_Toy_Cow_N.ubulk" 571
"C:/Users/Omar/OneDrive/Documents/Unreal Projects/BullCowGame-starter-kit 4.27/Content/Environment/UnrealCow/Textures/T_Toy_Cow_M.uasset" 572
"C:/Users/Omar/OneDrive/Documents/Unreal Projects/BullCowGame-starter-kit 4.27/Content/Environment/UnrealCow/Textures/T_Toy_Cow_M.uexp" 573
"C:/Users/Omar/OneDrive/Documents/Unreal Projects/BullCowGame-starter-kit 4.27/Content/Environment/UnrealCow/Textures/T_Toy_Cow_M.ubulk" 574
"C:/Users/Omar/OneDrive/Documents/Unreal Projects/BullCowGame-starter-kit 4.27/Content/Environment/UnrealCow/Materials/M_Cow.uasset" 575
"C:/Users/Omar/OneDrive/Documents/Unreal Projects/BullCowGame-starter-kit 4.27/Content/Environment/UnrealCow/Materials/M_Cow.uexp" 576
"C:/Users/Omar/OneDrive/Documents/Unreal Projects/BullCowGame-starter-kit 4.27/Content/Environment/UnrealCow/Materials/MI_Cow.uasset" 577
"C:/Users/Omar/OneDrive/Documents/Unreal Projects/BullCowGame-starter-kit 4.27/Content/Environment/UnrealCow/Materials/MI_Cow.uexp" 578
"C:/Users/Omar/OneDrive/Documents/Unreal Projects/BullCowGame-starter-kit 4.27/Content/Environment/UnrealCow/Meshes/SM_Toy_Cow.uasset" 579
"C:/Users/Omar/OneDrive/Documents/Unreal Projects/BullCowGame-starter-kit 4.27/Content/Environment/UnrealCow/Meshes/SM_Toy_Cow.uexp" 580
"C:/Users/Omar/OneDrive/Documents/Unreal Projects/BullCowGame-starter-kit 4.27/Content/Environment/Materials/M_Wood_Sheet_Rings_Inst.uasset" 581
"C:/Users/Omar/OneDrive/Documents/Unreal Projects/BullCowGame-starter-kit 4.27/Content/Environment/Materials/M_Wood_Sheet_Rings_Inst.uexp" 582
"C:/Users/Omar/OneDrive/Documents/Unreal Projects/BullCowGame-starter-kit 4.27/Content/Environment/Materials/M_Wood_Sheet_Pillar_Inst.uasset" 583
"C:/Users/Omar/OneDrive/Documents/Unreal Projects/BullCowGame-starter-kit 4.27/Content/Environment/Materials/M_Wood_Sheet_Pillar_Inst.uexp" 584
"C:/Users/Omar/OneDrive/Documents/Unreal Projects/BullCowGame-starter-kit 4.27/Content/Environment/Materials/M_Wood_Sheet_Fence_Inst.uasset" 585
"C:/Users/Omar/OneDrive/Documents/Unreal Projects/BullCowGame-starter-kit 4.27/Content/Environment/Materials/M_Wood_Sheet_Fence_Inst.uexp" 586
"C:/Users/Omar/OneDrive/Documents/Unreal Projects/BullCowGame-starter-kit 4.27/Content/Environment/Meshes/SM_Wood_Fence.uasset" 587
"C:/Users/Omar/OneDrive/Documents/Unreal Projects/BullCowGame-starter-kit 4.27/Content/Environment/Meshes/SM_Wood_Fence.uexp" 588
"C:/Users/Omar/OneDrive/Documents/Unreal Projects/BullCowGame-starter-kit 4.27/Content/Environment/Textures/T_BrushStrokes_B.uasset" 589
"C:/Users/Omar/OneDrive/Documents/Unreal Projects/BullCowGame-starter-kit 4.27/Content/Environment/Textures/T_BrushStrokes_B.uexp" 590
"C:/Users/Omar/OneDrive/Documents/Unreal Projects/BullCowGame-starter-kit 4.27/Content/Environment/Textures/T_BrushStrokes_B.ubulk" 591
"../../../Engine/Content/Functions/Engine_MaterialFunctions02/Fresnel_Function.uasset" 592
"../../../Engine/Content/Functions/Engine_MaterialFunctions02/Fresnel_Function.uexp" 593
"C:/Users/Omar/OneDrive/Documents/Unreal Projects/BullCowGame-starter-kit 4.27/Content/Environment/Textures/T_BrushStrokes_A.uasset" 594
"C:/Users/Omar/OneDrive/Documents/Unreal Projects/BullCowGame-starter-kit 4.27/Content/Environment/Textures/T_BrushStrokes_A.uexp" 595
"C:/Users/Omar/OneDrive/Documents/Unreal Projects/BullCowGame-starter-kit 4.27/Content/Environment/Textures/T_BrushStrokes_A.ubulk" 596
"C:/Users/Omar/OneDrive/Documents/Unreal Projects/BullCowGame-starter-kit 4.27/Content/Environment/Materials/M_Tree_Leaf_Base_Solid.uasset" 597
"C:/Users/Omar/OneDrive/Documents/Unreal Projects/BullCowGame-starter-kit 4.27/Content/Environment/Materials/M_Tree_Leaf_Base_Solid.uexp" 598
"C:/Users/Omar/OneDrive/Documents/Unreal Projects/BullCowGame-starter-kit 4.27/Content/Environment/Materials/M_Tree_Leaf_Base_Solid_Inst.uasset" 599
"C:/Users/Omar/OneDrive/Documents/Unreal Projects/BullCowGame-starter-kit 4.27/Content/Environment/Materials/M_Tree_Leaf_Base_Solid_Inst.uexp" 600
"../../../Engine/Content/EngineMaterials/Good64x64TilingNoiseHighFreq.uasset" 601
"../../../Engine/Content/EngineMaterials/Good64x64TilingNoiseHighFreq.uexp" 602
"../../../Engine/Content/Functions/Engine_MaterialFunctions02/Texturing/ScreenAlignedPixelToPixelUVs.uasset" 603
"../../../Engine/Content/Functions/Engine_MaterialFunctions02/Texturing/ScreenAlignedPixelToPixelUVs.uexp" 604
"../../../Engine/Content/Functions/Engine_MaterialFunctions02/Utility/DitherTemporalAA.uasset" 605
"../../../Engine/Content/Functions/Engine_MaterialFunctions02/Utility/DitherTemporalAA.uexp" 606
"C:/Users/Omar/OneDrive/Documents/Unreal Projects/BullCowGame-starter-kit 4.27/Content/Environment/Materials/M_Tree_Leaf_Base.uasset" 607
"C:/Users/Omar/OneDrive/Documents/Unreal Projects/BullCowGame-starter-kit 4.27/Content/Environment/Materials/M_Tree_Leaf_Base.uexp" 608
"C:/Users/Omar/OneDrive/Documents/Unreal Projects/BullCowGame-starter-kit 4.27/Content/Environment/Materials/M_Tree_Leaf_Base_Inst.uasset" 609
"C:/Users/Omar/OneDrive/Documents/Unreal Projects/BullCowGame-starter-kit 4.27/Content/Environment/Materials/M_Tree_Leaf_Base_Inst.uexp" 610
"C:/Users/Omar/OneDrive/Documents/Unreal Projects/BullCowGame-starter-kit 4.27/Content/Environment/Meshes/SM_Tree_Type_B_Leaves.uasset" 611
"C:/Users/Omar/OneDrive/Documents/Unreal Projects/BullCowGame-starter-kit 4.27/Content/Environment/Meshes/SM_Tree_Type_B_Leaves.uexp" 612
"C:/Users/Omar/OneDrive/Documents/Unreal Projects/BullCowGame-starter-kit 4.27/Content/Environment/Materials/M_Tree_Type_B_Bark.uasset" 613
"C:/Users/Omar/OneDrive/Documents/Unreal Projects/BullCowGame-starter-kit 4.27/Content/Environment/Materials/M_Tree_Type_B_Bark.uexp" 614
"C:/Users/Omar/OneDrive/Documents/Unreal Projects/BullCowGame-starter-kit 4.27/Content/Environment/Materials/M_Tree_Type_B_Bark_Inst.uasset" 615
"C:/Users/Omar/OneDrive/Documents/Unreal Projects/BullCowGame-starter-kit 4.27/Content/Environment/Materials/M_Tree_Type_B_Bark_Inst.uexp" 616
"C:/Users/Omar/OneDrive/Documents/Unreal Projects/BullCowGame-starter-kit 4.27/Content/Environment/Materials/M_Tree_Bark_A.uasset" 617
"C:/Users/Omar/OneDrive/Documents/Unreal Projects/BullCowGame-starter-kit 4.27/Content/Environment/Materials/M_Tree_Bark_A.uexp" 618
"C:/Users/Omar/OneDrive/Documents/Unreal Projects/BullCowGame-starter-kit 4.27/Content/Environment/Materials/M_Tree_Bark_A_Inst.uasset" 619
"C:/Users/Omar/OneDrive/Documents/Unreal Projects/BullCowGame-starter-kit 4.27/Content/Environment/Materials/M_Tree_Bark_A_Inst.uexp" 620
"C:/Users/Omar/OneDrive/Documents/Unreal Projects/BullCowGame-starter-kit 4.27/Content/Environment/Meshes/SM_Tree_Type_B.uasset" 621
"C:/Users/Omar/OneDrive/Documents/Unreal Projects/BullCowGame-starter-kit 4.27/Content/Environment/Meshes/SM_Tree_Type_B.uexp" 622
"C:/Users/Omar/OneDrive/Documents/Unreal Projects/BullCowGame-starter-kit 4.27/Content/Environment/Materials/M_Tree_Background.uasset" 623
"C:/Users/Omar/OneDrive/Documents/Unreal Projects/BullCowGame-starter-kit 4.27/Content/Environment/Materials/M_Tree_Background.uexp" 624
"C:/Users/Omar/OneDrive/Documents/Unreal Projects/BullCowGame-starter-kit 4.27/Content/Environment/Materials/M_Tree_Background_Inst.uasset" 625
"C:/Users/Omar/OneDrive/Documents/Unreal Projects/BullCowGame-starter-kit 4.27/Content/Environment/Materials/M_Tree_Background_Inst.uexp" 626
"C:/Users/Omar/OneDrive/Documents/Unreal Projects/BullCowGame-starter-kit 4.27/Content/Environment/Meshes/SM_Tree_Cluster_A.uasset" 627
"C:/Users/Omar/OneDrive/Documents/Unreal Projects/BullCowGame-starter-kit 4.27/Content/Environment/Meshes/SM_Tree_Cluster_A.uexp" 628
"C:/Users/Omar/OneDrive/Documents/Unreal Projects/BullCowGame-starter-kit 4.27/Content/Environment/Materials/M_Grass_Masked_E_Inst.uasset" 629
"C:/Users/Omar/OneDrive/Documents/Unreal Projects/BullCowGame-starter-kit 4.27/Content/Environment/Materials/M_Grass_Masked_E_Inst.uexp" 630
"C:/Users/Omar/OneDrive/Documents/Unreal Projects/BullCowGame-starter-kit 4.27/Content/Environment/Meshes/SM_Grass_05.uasset" 631
"C:/Users/Omar/OneDrive/Documents/Unreal Projects/BullCowGame-starter-kit 4.27/Content/Environment/Meshes/SM_Grass_05.uexp" 632
"C:/Users/Omar/OneDrive/Documents/Unreal Projects/BullCowGame-starter-kit 4.27/Content/Environment/Meshes/SM_Dock_Pillar.uasset" 633
"C:/Users/Omar/OneDrive/Documents/Unreal Projects/BullCowGame-starter-kit 4.27/Content/Environment/Meshes/SM_Dock_Pillar.uexp" 634
"C:/Users/Omar/OneDrive/Documents/Unreal Projects/BullCowGame-starter-kit 4.27/Content/Environment/Materials/Path_LayerInfo.uasset" 635
"C:/Users/Omar/OneDrive/Documents/Unreal Projects/BullCowGame-starter-kit 4.27/Content/Environment/Materials/Path_LayerInfo.uexp" 636
"C:/Users/Omar/OneDrive/Documents/Unreal Projects/BullCowGame-starter-kit 4.27/Content/Environment/Textures/T_Splotches_A.uasset" 637
"C:/Users/Omar/OneDrive/Documents/Unreal Projects/BullCowGame-starter-kit 4.27/Content/Environment/Textures/T_Splotches_A.uexp" 638
"C:/Users/Omar/OneDrive/Documents/Unreal Projects/BullCowGame-starter-kit 4.27/Content/Environment/Textures/T_Splotches_A.ubulk" 639
"C:/Users/Omar/OneDrive/Documents/Unreal Projects/BullCowGame-starter-kit 4.27/Content/Environment/Textures/T_ShapeNormal.uasset" 640
"C:/Users/Omar/OneDrive/Documents/Unreal Projects/BullCowGame-starter-kit 4.27/Content/Environment/Textures/T_ShapeNormal.uexp" 641
"C:/Users/Omar/OneDrive/Documents/Unreal Projects/BullCowGame-starter-kit 4.27/Content/Environment/Textures/T_ShapeNormal.ubulk" 642
"C:/Users/Omar/OneDrive/Documents/Unreal Projects/BullCowGame-starter-kit 4.27/Content/Environment/Textures/T_Rock_Cliff_D.uasset" 643
"C:/Users/Omar/OneDrive/Documents/Unreal Projects/BullCowGame-starter-kit 4.27/Content/Environment/Textures/T_Rock_Cliff_D.uexp" 644
"C:/Users/Omar/OneDrive/Documents/Unreal Projects/BullCowGame-starter-kit 4.27/Content/Environment/Textures/T_Rock_Cliff_D.ubulk" 645
"C:/Users/Omar/OneDrive/Documents/Unreal Projects/BullCowGame-starter-kit 4.27/Content/Environment/Textures/T_Bumpy_N.uasset" 646
"C:/Users/Omar/OneDrive/Documents/Unreal Projects/BullCowGame-starter-kit 4.27/Content/Environment/Textures/T_Bumpy_N.uexp" 647
"C:/Users/Omar/OneDrive/Documents/Unreal Projects/BullCowGame-starter-kit 4.27/Content/Environment/Textures/T_Bumpy_N.ubulk" 648
"../../../Engine/Content/Functions/Engine_MaterialFunctions01/AlphaBlend/WorldAlignedBlend.uasset" 649
"../../../Engine/Content/Functions/Engine_MaterialFunctions01/AlphaBlend/WorldAlignedBlend.uexp" 650
"C:/Users/Omar/OneDrive/Documents/Unreal Projects/BullCowGame-starter-kit 4.27/Content/Environment/Materials/M_Terrain_Ground_A.uasset" 651
"C:/Users/Omar/OneDrive/Documents/Unreal Projects/BullCowGame-starter-kit 4.27/Content/Environment/Materials/M_Terrain_Ground_A.uexp" 652
"C:/Users/Omar/OneDrive/Documents/Unreal Projects/BullCowGame-starter-kit 4.27/Content/Environment/Materials/M_Terrain_Ground_A_Inst.uasset" 653
"C:/Users/Omar/OneDrive/Documents/Unreal Projects/BullCowGame-starter-kit 4.27/Content/Environment/Materials/M_Terrain_Ground_A_Inst.uexp" 654
"C:/Users/Omar/OneDrive/Documents/Unreal Projects/BullCowGame-starter-kit 4.27/Content/Environment/Materials/M_Stone_Path.uasset" 655
"C:/Users/Omar/OneDrive/Documents/Unreal Projects/BullCowGame-starter-kit 4.27/Content/Environment/Materials/M_Stone_Path.uexp" 656
"C:/Users/Omar/OneDrive/Documents/Unreal Projects/BullCowGame-starter-kit 4.27/Content/Environment/Materials/M_Stone_Path_Inst.uasset" 657
"C:/Users/Omar/OneDrive/Documents/Unreal Projects/BullCowGame-starter-kit 4.27/Content/Environment/Materials/M_Stone_Path_Inst.uexp" 658
"C:/Users/Omar/OneDrive/Documents/Unreal Projects/BullCowGame-starter-kit 4.27/Content/Environment/Meshes/SM_Stone_Path_B.uasset" 659
"C:/Users/Omar/OneDrive/Documents/Unreal Projects/BullCowGame-starter-kit 4.27/Content/Environment/Meshes/SM_Stone_Path_B.uexp" 660
"C:/Users/Omar/OneDrive/Documents/Unreal Projects/BullCowGame-starter-kit 4.27/Content/Environment/Materials/Grass_LayerInfo.uasset" 661
"C:/Users/Omar/OneDrive/Documents/Unreal Projects/BullCowGame-starter-kit 4.27/Content/Environment/Materials/Grass_LayerInfo.uexp" 662
"C:/Users/Omar/OneDrive/Documents/Unreal Projects/BullCowGame-starter-kit 4.27/Content/Environment/Materials/Beach_LayerInfo.uasset" 663
"C:/Users/Omar/OneDrive/Documents/Unreal Projects/BullCowGame-starter-kit 4.27/Content/Environment/Materials/Beach_LayerInfo.uexp" 664
"../../../Engine/Content/BasicShapes/Cube.uasset" 665
"../../../Engine/Content/BasicShapes/Cube.uexp" 666
"C:/Users/Omar/OneDrive/Documents/Unreal Projects/BullCowGame-starter-kit 4.27/Content/Environment/Materials/MI_Wood_SignPost.uasset" 667
"C:/Users/Omar/OneDrive/Documents/Unreal Projects/BullCowGame-starter-kit 4.27/Content/Environment/Materials/MI_Wood_SignPost.uexp" 668
"C:/Users/Omar/OneDrive/Documents/Unreal Projects/BullCowGame-starter-kit 4.27/Content/ConsolasFont.uasset" 669
"C:/Users/Omar/OneDrive/Documents/Unreal Projects/BullCowGame-starter-kit 4.27/Content/ConsolasFont.uexp" 670
"C:/Users/Omar/OneDrive/Documents/Unreal Projects/BullCowGame-starter-kit 4.27/Content/Terminal.uasset" 671
"C:/Users/Omar/OneDrive/Documents/Unreal Projects/BullCowGame-starter-kit 4.27/Content/Terminal.uexp" 672
"C:/Users/Omar/OneDrive/Documents/Unreal Projects/BullCowGame-starter-kit 4.27/Content/Levels/Level1.uexp" 673
"C:/Users/Omar/OneDrive/Documents/Unreal Projects/BullCowGame-starter-kit 4.27/Content/Levels/Level1.ubulk" 674
"C:/Users/Omar/OneDrive/Documents/Unreal Projects/BullCowGame-starter-kit 4.27/Content/Levels/Level1.umap" 675
"../../../Engine/Content/Maps/Entry_BuiltData.uasset" 676
"../../../Engine/Content/Maps/Entry_BuiltData.uexp" 677
"../../../Engine/Content/Maps/Entry.uexp" 678
"../../../Engine/Content/Maps/Entry.umap" 679
